<?xml version="1.0" encoding="UTF-8"?>
<!-- Generated by org.testng.reporters.JUnitReportReporter -->
<testsuite hostname="LTIN142377" failures="0" tests="4" name="allTest.CucumberRunner" time="45.643" errors="0" timestamp="2023-06-22T11:19:16 IST" skipped="0">
  <testcase classname="allTest.CucumberRunner" name="runScenario" time="3.933"/>
  <system-out/>
  <testcase classname="allTest.CucumberRunner" name="runScenario" time="3.154"/>
  <system-out/>
  <testcase classname="allTest.CucumberRunner" name="runScenario" time="9.304"/>
  <system-out/>
  <testcase classname="allTest.CucumberRunner" name="runScenario" time="29.252"/>
  <system-out/>
</testsuite> <!-- allTest.CucumberRunner -->
